<?xml version="1.0" encoding="UTF-8"?>
<!-- Generated by org.testng.reporters.JUnitReportReporter -->
<testsuite hostname="INLaptop140.local" failures="0" tests="1" name="com.qa.runners.MyTestNGRunnerTest" time="66.767" errors="0" timestamp="2020-06-11T17:09:41 IST" skipped="0">
  <testcase classname="com.qa.runners.MyTestNGRunnerTest" name="scenario" time="66.767"/>
  <system-out/>
</testsuite> <!-- com.qa.runners.MyTestNGRunnerTest -->
